<?xml version="1.0" encoding="UTF-8"?>
<!-- Generated by org.testng.reporters.JUnitReportReporter -->
<testsuite hostname="BA-000311890" failures="0" tests="5" name="com.telus.registerdemo.RegisterDemoFlow" time="25.149" errors="0" timestamp="2023-10-17T15:03:38 IST" skipped="0">
  <testcase classname="com.telus.registerdemo.RegisterDemoFlow" name="launchApplication" time="18.283"/>
  <system-out>
    <![CDATA[Application is launched]]>
  </system-out>
  <testcase classname="com.telus.registerdemo.RegisterDemoFlow" name="navigateToRegisterDemoPage" time="1.453"/>
  <system-out>
    <![CDATA[Register Demo Page is displayed]]>
  </system-out>
  <testcase classname="com.telus.registerdemo.RegisterDemoFlow" name="registerDemo" time="4.910"/>
  <system-out>
    <![CDATA[The Actual and Expected title are same
The Actual title is: Register For Demo
The First Name is Displayed
The First Name is: Ankita
The Last Name is Displayed
The Last Name is: Choudhary
Female Radio button is not Selected
Female Radio button is clicked
Female Radio button is selected
The Street Address is Displayed
The Street Address is: 300 consilium palace
Apartment Field is Displayed
The Apartment and the building field is: Apartment Dummy
The State field is Displayed
The State is: Ontario
The City is Displayed
The City is: Winsdor
The Zip Code is Displayed
The Zip Code is : 201301
The Country DropDown is Displayed
Canada country is selected
Email is Displayed
Email is: ank123@gmail.com
Date Of Demo field is Displayed
Date of Demo is: 09/06/2023
Hour Dropdown is Displayed
08 hour is selected
Minutes Dropdown is Displayed 
20 minutes is selected
Mobile number is Displayed
Mobile number is: 7781537890
TestNG Check Box Button is Not Selected
TestNG Check Box is checked
TestNG Check Box is selected 
CoreJava Check Box is Not Selected
CoreJava Check Box is checked
CoreJava Check Box is selected
Query field is Displayed
Query of the candidate is: No Query
Verification field is Displayed
The two digit verification Output is: 99
Submit Button is Enabled
Submit Button is clicked]]>
  </system-out>
  <testcase classname="com.telus.registerdemo.RegisterDemoFlow" name="validateSuccessfulMsg" time="0.043"/>
  <system-out>
    <![CDATA[The Actual and Expected Message are same
The Actual successful messages is: Registration Form is Successfully Submitted.
The Transaction ID is: NXTGEN61647]]>
  </system-out>
  <testcase classname="com.telus.registerdemo.RegisterDemoFlow" name="closeApplication" time="0.460"/>
  <system-out>
    <![CDATA[Application is closed]]>
  </system-out>
</testsuite> <!-- com.telus.registerdemo.RegisterDemoFlow -->
